<?xml version="1.0" encoding="UTF-8"?>
<!-- Generated by org.testng.reporters.JUnitXMLReporter -->
<testsuite hostname="Apliteinfoamr" ignored="0" name="Zoom2u test 1" tests="9" failures="0" timestamp="22 Dec 2017 07:32:44 GMT" time="503.086" errors="0">
  <testcase name="C8" time="12.344" classname="Test.Registration_test"/>
  <testcase name="C9" time="64.768" classname="Test.Registration_test"/>
  <testcase name="C10" time="25.526" classname="Test.Registration_test"/>
  <testcase name="C11" time="146.832" classname="Test.Registration_test"/>
  <testcase name="C12" time="43.58" classname="Test.Registration_test"/>
  <testcase name="C13" time="24.3" classname="Test.Registration_test"/>
  <testcase name="C14" time="22.544" classname="Test.Registration_test"/>
  <testcase name="C15" time="16.573" classname="Test.Registration_test"/>
  <testcase name="C16" time="103.621" classname="Test.Registration_test"/>
</testsuite> <!-- Zoom2u test 1 -->
